<?xml version="1.0" encoding="UTF-8"?>
<!-- Generated by org.testng.reporters.JUnitXMLReporter -->
<testsuite hostname="Mahesh-PC" ignored="0" name="Default test" tests="3" failures="0" timestamp="2023-01-05T21:34:24 IST" time="7.704" errors="0">
  <testcase name="f" time="0.349" classname="com.stc.mvn.dec2022.NewTest"/>
  <testcase name="test1" time="0.002" classname="com.stc.mvn.dec2022.test21"/>
  <testcase name="f" time="0.002" classname="com.stc.mvn.dec2022.NewTest51"/>
</testsuite> <!-- Default test -->
