<?xml version="1.0" encoding="UTF-8"?>
<testng-results skipped="0" failed="0" ignored="0" total="1" passed="1">
  <reporter-output>
  </reporter-output>
  <suite name="Default suite" duration-ms="124" started-at="2022-12-25T16:17:52 IST" finished-at="2022-12-25T16:17:53 IST">
    <groups>
    </groups>
    <test name="Default test" duration-ms="124" started-at="2022-12-25T16:17:52 IST" finished-at="2022-12-25T16:17:53 IST">
      <class name="com.stc.mvn.dec2022.test21">
        <test-method status="PASS" signature="test1()[pri:0, instance:com.stc.mvn.dec2022.test21@66480dd7]" name="test1" duration-ms="47" started-at="2022-12-25T16:17:53 IST" finished-at="2022-12-25T16:17:53 IST">
          <reporter-output>
          </reporter-output>
        </test-method> <!-- test1 -->
      </class> <!-- com.stc.mvn.dec2022.test21 -->
    </test> <!-- Default test -->
  </suite> <!-- Default suite -->
</testng-results>
