<?xml version="1.0" encoding="UTF-8"?>
<testng-results skipped="0" failed="0" ignored="0" total="3" passed="3">
  <reporter-output>
  </reporter-output>
  <suite name="Default suite" duration-ms="7704" started-at="2023-01-05T21:34:16 IST" finished-at="2023-01-05T21:34:24 IST">
    <groups>
    </groups>
    <test name="Default test" duration-ms="7704" started-at="2023-01-05T21:34:16 IST" finished-at="2023-01-05T21:34:24 IST">
      <class name="com.stc.mvn.dec2022.NewTest">
        <test-method status="PASS" signature="g2()[pri:0, instance:com.stc.mvn.dec2022.NewTest@7f13d6e]" name="g2" is-config="true" duration-ms="24" started-at="2023-01-05T21:34:16 IST" finished-at="2023-01-05T21:34:16 IST">
          <reporter-output>
          </reporter-output>
        </test-method> <!-- g2 -->
        <test-method status="PASS" signature="f2()[pri:0, instance:com.stc.mvn.dec2022.NewTest@7f13d6e]" name="f2" is-config="true" duration-ms="6748" started-at="2023-01-05T21:34:16 IST" finished-at="2023-01-05T21:34:23 IST">
          <reporter-output>
          </reporter-output>
        </test-method> <!-- f2 -->
        <test-method status="PASS" signature="f1232()[pri:0, instance:com.stc.mvn.dec2022.NewTest@7f13d6e]" name="f1232" is-config="true" duration-ms="1" started-at="2023-01-05T21:34:24 IST" finished-at="2023-01-05T21:34:24 IST">
          <reporter-output>
          </reporter-output>
        </test-method> <!-- f1232 -->
        <test-method status="PASS" signature="f()[pri:1, instance:com.stc.mvn.dec2022.NewTest@7f13d6e]" name="f" duration-ms="349" started-at="2023-01-05T21:34:24 IST" finished-at="2023-01-05T21:34:24 IST">
          <reporter-output>
          </reporter-output>
        </test-method> <!-- f -->
        <test-method status="PASS" signature="f132()[pri:0, instance:com.stc.mvn.dec2022.NewTest@7f13d6e]" name="f132" is-config="true" duration-ms="1" started-at="2023-01-05T21:34:24 IST" finished-at="2023-01-05T21:34:24 IST">
          <reporter-output>
          </reporter-output>
        </test-method> <!-- f132 -->
        <test-method status="PASS" signature="f1()[pri:0, instance:com.stc.mvn.dec2022.NewTest@7f13d6e]" name="f1" is-config="true" duration-ms="160" started-at="2023-01-05T21:34:24 IST" finished-at="2023-01-05T21:34:24 IST">
          <reporter-output>
          </reporter-output>
        </test-method> <!-- f1 -->
        <test-method status="PASS" signature="f12()[pri:0, instance:com.stc.mvn.dec2022.NewTest@7f13d6e]" name="f12" is-config="true" duration-ms="0" started-at="2023-01-05T21:34:24 IST" finished-at="2023-01-05T21:34:24 IST">
          <reporter-output>
          </reporter-output>
        </test-method> <!-- f12 -->
      </class> <!-- com.stc.mvn.dec2022.NewTest -->
      <class name="com.stc.mvn.dec2022.test21">
        <test-method status="PASS" signature="test1()[pri:0, instance:com.stc.mvn.dec2022.test21@d44fc21]" name="test1" duration-ms="2" started-at="2023-01-05T21:34:24 IST" finished-at="2023-01-05T21:34:24 IST">
          <reporter-output>
          </reporter-output>
        </test-method> <!-- test1 -->
      </class> <!-- com.stc.mvn.dec2022.test21 -->
      <class name="com.stc.mvn.dec2022.NewTest51">
        <test-method status="PASS" signature="f2zz()[pri:0, instance:com.stc.mvn.dec2022.NewTest51@51cdd8a]" name="f2zz" is-config="true" duration-ms="1" started-at="2023-01-05T21:34:16 IST" finished-at="2023-01-05T21:34:16 IST">
          <reporter-output>
          </reporter-output>
        </test-method> <!-- f2zz -->
        <test-method status="PASS" signature="f2()[pri:0, instance:com.stc.mvn.dec2022.NewTest51@51cdd8a]" name="f2" is-config="true" duration-ms="1" started-at="2023-01-05T21:34:23 IST" finished-at="2023-01-05T21:34:23 IST">
          <reporter-output>
          </reporter-output>
        </test-method> <!-- f2 -->
        <test-method status="PASS" signature="f1324()[pri:0, instance:com.stc.mvn.dec2022.NewTest51@51cdd8a]" name="f1324" is-config="true" duration-ms="0" started-at="2023-01-05T21:34:24 IST" finished-at="2023-01-05T21:34:24 IST">
          <reporter-output>
          </reporter-output>
        </test-method> <!-- f1324 -->
        <test-method status="PASS" signature="f()[pri:0, instance:com.stc.mvn.dec2022.NewTest51@51cdd8a]" name="f" duration-ms="2" started-at="2023-01-05T21:34:24 IST" finished-at="2023-01-05T21:34:24 IST">
          <reporter-output>
          </reporter-output>
        </test-method> <!-- f -->
        <test-method status="PASS" signature="f132()[pri:0, instance:com.stc.mvn.dec2022.NewTest51@51cdd8a]" name="f132" is-config="true" duration-ms="2" started-at="2023-01-05T21:34:24 IST" finished-at="2023-01-05T21:34:24 IST">
          <reporter-output>
          </reporter-output>
        </test-method> <!-- f132 -->
        <test-method status="PASS" signature="f1()[pri:0, instance:com.stc.mvn.dec2022.NewTest51@51cdd8a]" name="f1" is-config="true" duration-ms="1" started-at="2023-01-05T21:34:24 IST" finished-at="2023-01-05T21:34:24 IST">
          <reporter-output>
          </reporter-output>
        </test-method> <!-- f1 -->
      </class> <!-- com.stc.mvn.dec2022.NewTest51 -->
    </test> <!-- Default test -->
  </suite> <!-- Default suite -->
</testng-results>
